<?xml version="1.0" encoding="UTF-8"?>
<testng-results ignored="0" total="1" passed="1" failed="0" skipped="0">
  <reporter-output>
  </reporter-output>
  <suite started-at="2019-10-24T10:00:13Z" name="Surefire suite" finished-at="2019-10-24T10:00:13Z" duration-ms="759">
    <groups>
    </groups>
    <test started-at="2019-10-24T10:00:13Z" name="Surefire test" finished-at="2019-10-24T10:00:13Z" duration-ms="759">
      <class name="Cucumber.AutomationTest082019.AppTest">
        <test-method signature="testApp()" started-at="2019-10-24T10:00:13Z" name="testApp" finished-at="2019-10-24T10:00:13Z" duration-ms="4" status="PASS">
          <reporter-output>
          </reporter-output>
        </test-method> <!-- testApp -->
      </class> <!-- Cucumber.AutomationTest082019.AppTest -->
    </test> <!-- Surefire test -->
  </suite> <!-- Surefire suite -->
</testng-results>
